1621598689.084881 client started (17098): version 3.0a, socket /tmp//tmux-1001/default, protocol 8
1621598689.084947 on Linux 5.4.0-58-generic #64-Ubuntu SMP Wed Dec 9 08:16:25 UTC 2020; libevent 2.1.11-stable (poll)
1621598689.084974 socket is /tmp//tmux-1001/default
1621598689.084998 trying connect
1621598689.085108 add peer 0x561133ee5ba0: 6 ((nil))
1621598689.085265 sending message 100 to peer 0x561133ee5ba0 (4 bytes)
1621598689.085293 sending message 101 to peer 0x561133ee5ba0 (7 bytes)
1621598689.085300 sending message 102 to peer 0x561133ee5ba0 (11 bytes)
1621598689.085306 sending message 108 to peer 0x561133ee5ba0 (48 bytes)
1621598689.085313 sending message 104 to peer 0x561133ee5ba0 (0 bytes)
1621598689.085319 sending message 107 to peer 0x561133ee5ba0 (4 bytes)
1621598689.085325 sending message 105 to peer 0x561133ee5ba0 (20 bytes)
1621598689.085331 sending message 105 to peer 0x561133ee5ba0 (20 bytes)
1621598689.085337 sending message 105 to peer 0x561133ee5ba0 (54 bytes)
1621598689.085342 sending message 105 to peer 0x561133ee5ba0 (49 bytes)
1621598689.085348 sending message 105 to peer 0x561133ee5ba0 (21 bytes)
1621598689.085354 sending message 105 to peer 0x561133ee5ba0 (13 bytes)
1621598689.085360 sending message 105 to peer 0x561133ee5ba0 (16 bytes)
1621598689.085366 sending message 105 to peer 0x561133ee5ba0 (15 bytes)
1621598689.085371 sending message 105 to peer 0x561133ee5ba0 (28 bytes)
1621598689.085377 sending message 105 to peer 0x561133ee5ba0 (17 bytes)
1621598689.085385 sending message 105 to peer 0x561133ee5ba0 (18 bytes)
1621598689.085392 sending message 105 to peer 0x561133ee5ba0 (17 bytes)
1621598689.085397 sending message 105 to peer 0x561133ee5ba0 (15 bytes)
1621598689.085403 sending message 105 to peer 0x561133ee5ba0 (23 bytes)
1621598689.085408 sending message 105 to peer 0x561133ee5ba0 (30 bytes)
1621598689.085414 sending message 105 to peer 0x561133ee5ba0 (27 bytes)
1621598689.085419 sending message 105 to peer 0x561133ee5ba0 (24 bytes)
1621598689.085425 sending message 105 to peer 0x561133ee5ba0 (20 bytes)
1621598689.085430 sending message 105 to peer 0x561133ee5ba0 (23 bytes)
1621598689.085436 sending message 105 to peer 0x561133ee5ba0 (21 bytes)
1621598689.085441 sending message 105 to peer 0x561133ee5ba0 (25 bytes)
1621598689.085447 sending message 105 to peer 0x561133ee5ba0 (20 bytes)
1621598689.085453 sending message 105 to peer 0x561133ee5ba0 (14 bytes)
1621598689.085459 sending message 105 to peer 0x561133ee5ba0 (1506 bytes)
1621598689.085474 sending message 105 to peer 0x561133ee5ba0 (52 bytes)
1621598689.085482 sending message 105 to peer 0x561133ee5ba0 (19 bytes)
1621598689.085488 sending message 105 to peer 0x561133ee5ba0 (13 bytes)
1621598689.085494 sending message 105 to peer 0x561133ee5ba0 (127 bytes)
1621598689.085499 sending message 105 to peer 0x561133ee5ba0 (52 bytes)
1621598689.085505 sending message 105 to peer 0x561133ee5ba0 (19 bytes)
1621598689.085511 sending message 105 to peer 0x561133ee5ba0 (27 bytes)
1621598689.085516 sending message 105 to peer 0x561133ee5ba0 (82 bytes)
1621598689.085522 sending message 105 to peer 0x561133ee5ba0 (19 bytes)
1621598689.085528 sending message 105 to peer 0x561133ee5ba0 (8 bytes)
1621598689.085534 sending message 105 to peer 0x561133ee5ba0 (19 bytes)
1621598689.085540 sending message 105 to peer 0x561133ee5ba0 (47 bytes)
1621598689.085545 sending message 105 to peer 0x561133ee5ba0 (12 bytes)
1621598689.085551 sending message 105 to peer 0x561133ee5ba0 (36 bytes)
1621598689.085556 sending message 105 to peer 0x561133ee5ba0 (13 bytes)
1621598689.085562 sending message 105 to peer 0x561133ee5ba0 (11 bytes)
1621598689.085567 sending message 105 to peer 0x561133ee5ba0 (19 bytes)
1621598689.085572 sending message 105 to peer 0x561133ee5ba0 (35 bytes)
1621598689.085578 sending message 105 to peer 0x561133ee5ba0 (52 bytes)
1621598689.085584 sending message 105 to peer 0x561133ee5ba0 (25 bytes)
1621598689.085589 sending message 105 to peer 0x561133ee5ba0 (171 bytes)
1621598689.085595 sending message 105 to peer 0x561133ee5ba0 (49 bytes)
1621598689.085615 sending message 105 to peer 0x561133ee5ba0 (22 bytes)
1621598689.085622 sending message 105 to peer 0x561133ee5ba0 (31 bytes)
1621598689.085628 sending message 105 to peer 0x561133ee5ba0 (15 bytes)
1621598689.085633 sending message 105 to peer 0x561133ee5ba0 (52 bytes)
1621598689.085638 sending message 105 to peer 0x561133ee5ba0 (23 bytes)
1621598689.085644 sending message 105 to peer 0x561133ee5ba0 (25 bytes)
1621598689.085650 sending message 105 to peer 0x561133ee5ba0 (18 bytes)
1621598689.085655 sending message 105 to peer 0x561133ee5ba0 (58 bytes)
1621598689.085661 sending message 105 to peer 0x561133ee5ba0 (21 bytes)
1621598689.085666 sending message 105 to peer 0x561133ee5ba0 (11 bytes)
1621598689.085672 sending message 105 to peer 0x561133ee5ba0 (16 bytes)
1621598689.085677 sending message 106 to peer 0x561133ee5ba0 (0 bytes)
1621598689.085683 sending message 200 to peer 0x561133ee5ba0 (4 bytes)
1621598689.085689 client loop enter
1621598689.086152 peer 0x561133ee5ba0 message 211
1621598689.086179 client_write: sessions should be nested with care, unset $TMUX to force\n
1621598689.086201 peer 0x561133ee5ba0 message 203
1621598689.086208 client loop exit
